<?xml version="1.0" encoding="UTF-8"?>
<!-- Generated by org.testng.reporters.JUnitReportReporter -->
<testsuite hostname="LAPTOP-6PU7QPRN" failures="0" tests="3" name="Functionality_one.Mobile" time="0.000" errors="0" timestamp="2022-03-21T19:37:44 IST" skipped="3">
  <testcase classname="Functionality_one.Mobile" name="add_to_compare" time="0.000">
    <skipped/>
  </testcase> <!-- add_to_compare -->
  <system-out/>
  <testcase classname="Functionality_one.Mobile" name="browsing_categories" time="0.000">
    <skipped/>
  </testcase> <!-- browsing_categories -->
  <system-out/>
  <testcase classname="Functionality_one.Mobile" name="double_to_compare" time="0.000">
    <skipped/>
  </testcase> <!-- double_to_compare -->
  <system-out/>
</testsuite> <!-- Functionality_one.Mobile -->
